<?xml version="1.0" encoding="UTF-8"?>
<!-- Generated by org.testng.reporters.JUnitReportReporter -->
<testsuite hostname="TejalShinde" failures="0" tests="1" name="testClass.AddNewClassTest" time="46.981" errors="0" timestamp="2023-11-08T11:17:09 IST" skipped="0">
  <testcase classname="testClass.AddNewClassTest" name="addnewClass" time="46.981"/>
  <system-out/>
</testsuite> <!-- testClass.AddNewClassTest -->
